[     935ms] [ERROR] Failed to load resource: the server responded with a status of 404 (Not Found) @ http://localhost:3000/manifest.webmanifest:0
[     937ms] [ERROR] Manifest fetch from http://localhost:3000/manifest.webmanifest failed, code 404 @ http://localhost:3000/:0
[    1123ms] [ERROR] Warning: Encountered two children with the same key, `%s`. Keys should be unique so that components maintain their identity across updates. Non-unique keys may cause children to be duplicated and/or omitted — the behavior is unsupported and could change in a future version.%s /contact 
    at ul
    at div
    at div
    at div
    at footer
    at Footer
    at ConditionalShell (webpack-internal:///(app-pages-browser)/./components/layout/ConditionalShell.tsx:19:11)
    at V (webpack-internal:///(app-pages-browser)/./node_modules/next-themes/dist/index.mjs:54:24)
    at J (webpack-internal:///(app-pages-browser)/./node_modules/next-themes/dist/index.mjs:47:47)
    at ThemeProvider (webpack-internal:///(app-pages-browser)/./components/providers/ThemeProvider.tsx:10:11)
    at body
    at html
    at RootLayout (Server)
    at RedirectErrorBoundary (webpack-internal:///(app-pages-browser)/./node_modules/next/dist/client/components/redirect-boundary.js:74:9)
    at RedirectBoundary (webpack-internal:///(app-pages-browser)/./node_modules/next/dist/client/components/redirect-boundary.js:82:11)
    at NotFoundErrorBoundary (webpack-internal:///(app-pages-browser)/./node_modules/next/dist/client/components/not-found-boundary.js:76:9)
    at NotFoundBoundary (webpack-internal:///(app-pages-browser)/./node_modules/next/dist/client/components/not-found-boundary.js:84:11)
    at DevRootNotFoundBoundary (webpack-internal:///(app-pages-browser)/./node_modules/next/dist/client/components/dev-root-not-found-boundary.js:33:11)
    at ReactDevOverlay (webpack-internal:///(app-pages-browser)/./node_modules/next/dist/client/components/react-dev-overlay/app/ReactDevOverlay.js:87:9)
    at HotReload (webpack-internal:///(app-pages-browser)/./node_modules/next/dist/client/components/react-dev-overlay/app/hot-reloader-client.js:321:11)
    at Router (webpack-internal:///(app-pages-browser)/./node_modules/next/dist/client/components/app-router.js:207:11)
    at ErrorBoundaryHandler (webpack-internal:///(app-pages-browser)/./node_modules/next/dist/client/components/error-boundary.js:113:9)
    at ErrorBoundary (webpack-internal:///(app-pages-browser)/./node_modules/next/dist/client/components/error-boundary.js:160:11)
    at AppRouter (webpack-internal:///(app-pages-browser)/./node_modules/next/dist/client/components/app-router.js:585:13)
    at ServerRoot (webpack-internal:///(app-pages-browser)/./node_modules/next/dist/client/app-index.js:112:27)
    at Root (webpack-internal:///(app-pages-browser)/./node_modules/next/dist/client/app-index.js:117:11) @ webpack-internal:///(app-pages-browser)/./node_modules/next/dist/client/app-index.js:32
[    1129ms] [ERROR] Image is missing required "src" property: JSHandle@node @ webpack-internal:///(app-pages-browser)/./node_modules/next/dist/client/app-index.js:32
[    1130ms] [ERROR] Image is missing required "src" property: JSHandle@node @ webpack-internal:///(app-pages-browser)/./node_modules/next/dist/client/app-index.js:32
[    1131ms] [ERROR] Image is missing required "src" property: JSHandle@node @ webpack-internal:///(app-pages-browser)/./node_modules/next/dist/client/app-index.js:32
[    1131ms] [ERROR] Image is missing required "src" property: JSHandle@node @ webpack-internal:///(app-pages-browser)/./node_modules/next/dist/client/app-index.js:32
[    1131ms] [ERROR] Image is missing required "src" property: JSHandle@node @ webpack-internal:///(app-pages-browser)/./node_modules/next/dist/client/app-index.js:32
[    1141ms] [ERROR] Failed to load resource: the server responded with a status of 404 (Not Found) @ http://localhost:3000/manifest.webmanifest:0
[    1142ms] [ERROR] Manifest fetch from http://localhost:3000/manifest.webmanifest failed, code 404 @ http://localhost:3000/:0
[    1142ms] [ERROR] Failed to load resource: the server responded with a status of 404 (Not Found) @ http://localhost:3000/favicon.svg:0
